[debug] [2022-08-12T13:20:19.037Z] ----------------------------------------------------------------------
[debug] [2022-08-12T13:20:19.039Z] Command:       C:\Program Files\nodejs\node.exe C:\Users\user\AppData\Roaming\npm\node_modules\firebase-tools\lib\bin\firebase.js deploy
[debug] [2022-08-12T13:20:19.039Z] CLI Version:   11.2.0
[debug] [2022-08-12T13:20:19.039Z] Platform:      win32
[debug] [2022-08-12T13:20:19.040Z] Node Version:  v16.13.1
[debug] [2022-08-12T13:20:19.050Z] Time:          Fri Aug 12 2022 19:20:19 GMT+0600 (Bangladesh Standard Time)
[debug] [2022-08-12T13:20:19.050Z] ----------------------------------------------------------------------
[debug] 
[debug] [2022-08-12T13:20:19.054Z] >>> [apiv2][query] GET https://firebase-public.firebaseio.com/cli.json [none]
[debug] [2022-08-12T13:20:19.121Z] > command requires scopes: ["email","openid","https://www.googleapis.com/auth/cloudplatformprojects.readonly","https://www.googleapis.com/auth/firebase","https://www.googleapis.com/auth/cloud-platform"]
[debug] [2022-08-12T13:20:19.121Z] > authorizing via signed-in user (mobashirulalamseam@gmail.com)
[debug] [2022-08-12T13:20:19.122Z] [iam] checking project knot-849b7 for permissions ["firebase.projects.get","firebasehosting.sites.update"]
[debug] [2022-08-12T13:20:19.122Z] > refreshing access token with scopes: []
[debug] [2022-08-12T13:20:19.123Z] >>> [apiv2][query] POST https://www.googleapis.com/oauth2/v3/token [none]
[debug] [2022-08-12T13:20:19.123Z] >>> [apiv2][body] POST https://www.googleapis.com/oauth2/v3/token [omitted]
[debug] [2022-08-12T13:20:19.368Z] <<< [apiv2][status] POST https://www.googleapis.com/oauth2/v3/token 200
[debug] [2022-08-12T13:20:19.368Z] <<< [apiv2][body] POST https://www.googleapis.com/oauth2/v3/token [omitted]
[debug] [2022-08-12T13:20:19.380Z] >>> [apiv2][query] POST https://cloudresourcemanager.googleapis.com/v1/projects/knot-849b7:testIamPermissions [none]
[debug] [2022-08-12T13:20:19.380Z] >>> [apiv2][body] POST https://cloudresourcemanager.googleapis.com/v1/projects/knot-849b7:testIamPermissions {"permissions":["firebase.projects.get","firebasehosting.sites.update"]}
[debug] [2022-08-12T13:20:19.958Z] <<< [apiv2][status] GET https://firebase-public.firebaseio.com/cli.json 200
[debug] [2022-08-12T13:20:19.959Z] <<< [apiv2][body] GET https://firebase-public.firebaseio.com/cli.json {"cloudBuildErrorAfter":1594252800000,"cloudBuildWarnAfter":1590019200000,"defaultNode10After":1594252800000,"minVersion":"3.0.5","node8DeploysDisabledAfter":1613390400000,"node8RuntimeDisabledAfter":1615809600000,"node8WarnAfter":1600128000000}
[debug] [2022-08-12T13:20:21.005Z] <<< [apiv2][status] POST https://cloudresourcemanager.googleapis.com/v1/projects/knot-849b7:testIamPermissions 200
[debug] [2022-08-12T13:20:21.005Z] <<< [apiv2][body] POST https://cloudresourcemanager.googleapis.com/v1/projects/knot-849b7:testIamPermissions {}
[debug] [2022-08-12T13:20:21.006Z] [iam] error while checking permissions, command may fail: FirebaseError: Authorization failed. This account is missing the following required permissions on project knot-849b7:

  firebase.projects.get
  firebasehosting.sites.update
[debug] [2022-08-12T13:20:21.007Z] >>> [apiv2][query] GET https://firebase.googleapis.com/v1beta1/projects/knot-849b7 [none]
[debug] [2022-08-12T13:20:21.460Z] <<< [apiv2][status] GET https://firebase.googleapis.com/v1beta1/projects/knot-849b7 403
[debug] [2022-08-12T13:20:21.460Z] <<< [apiv2][body] GET https://firebase.googleapis.com/v1beta1/projects/knot-849b7 {"error":{"code":403,"message":"The caller does not have permission","status":"PERMISSION_DENIED"}}
[debug] [2022-08-12T13:20:21.460Z] HTTP Error: 403, The caller does not have permission
[debug] [2022-08-12T13:20:21.673Z] FirebaseError: HTTP Error: 403, The caller does not have permission
    at responseToError (C:\Users\user\AppData\Roaming\npm\node_modules\firebase-tools\lib\responseToError.js:49:12)
    at RetryOperation._fn (C:\Users\user\AppData\Roaming\npm\node_modules\firebase-tools\lib\apiv2.js:287:77)
    at processTicksAndRejections (node:internal/process/task_queues:96:5)
[error] 
[error] Error: Failed to get Firebase project knot-849b7. Please make sure the project exists and your account has permission to access it.
